108 Hopper Path: (6,0),(2,0)
101 Hopper Path: (0,0),(4,0)
127 Hopper Path: (3,0),(7,0)
107 Bishop Path: (3,6),(9,0)
124 Bishop Path: (6,2),(7,1)
113 Crawler Path: (1,1),(1,2)
112 Hopper Path: (0,2),(2,2)
131 Hopper Path: (2,2),(5,2)
104 Hopper Path: (8,2),(9,2)
116 Hopper Path: (9,0),(9,2) Eaten by 104
120 Bishop Path: (4,0),(7,3)
130 Crawler Path: (9,4),(9,3)
119 Crawler Path: (1,4),(0,4)
128 Crawler Path: (8,4),(7,4)
118 Hopper Path: (7,4),(9,4)
109 Crawler Path: (2,5),(3,5)
102 Crawler Path: (5,5),(4,5)
110 Hopper Path: (1,8),(1,6)
114 Hopper Path: (3,3),(3,6) Eaten by 121
121 Crawler Path: (2,6),(3,6)
122 Crawler Path: (5,6),(4,6)
126 Crawler Path: (7,5),(7,6)
125 Hopper Path: (0,9),(0,7)
129 Hopper Path: (5,7),(3,7)
115 Bishop Path: (8,3),(4,7)
105 Crawler Path: (7,8),(7,7)
111 Crawler Path: (9,7),(8,7)
117 Crawler Path: (4,8),(5,8)
103 Bishop Path: (3,7),(5,9)
106 Crawler Path: (9,9),(8,9)
